<?xml version="1.0" encoding="UTF-8"?>
<!-- Generated by org.testng.reporters.JUnitXMLReporter -->
<testsuite ignored="0" hostname="Anuj" failures="0" tests="2" name="UI Smoke (Guest)" time="122.844" errors="0" timestamp="2025-11-02T01:00:15 IST">
  <testcase classname="tests.ui.HomeUiSmokeTests" name="userCanAddItemToCart" time="0.0">
    <skipped/>
  </testcase> <!-- userCanAddItemToCart -->
  <testcase classname="tests.ui.CartAndCheckoutUiTests" name="cartToGuestCheckout_SuccessMessage" time="0.0">
    <skipped/>
  </testcase> <!-- cartToGuestCheckout_SuccessMessage -->
</testsuite> <!-- UI Smoke (Guest) -->
